<?xml version="1.0" encoding="UTF-8"?>
<!-- Generated by org.testng.reporters.JUnitReportReporter -->
<testsuite skipped="0" hostname="Anejah-MacBook-Pro.local" name="com.packt.tests.MyFitnessPalTest" tests="1" failures="0" timestamp="2021-04-09T19:46:44 EDT" time="13.515" errors="0">
  <testcase name="firstTest" time="13.515" classname="com.packt.tests.MyFitnessPalTest"/>
  <system-out/>
</testsuite> <!-- com.packt.tests.MyFitnessPalTest -->
