<?xml version="1.0" encoding="UTF-8"?>
<!-- Generated by org.testng.reporters.JUnitReportReporter -->
<testsuite skipped="0" hostname="Anejah-MacBook-Pro.local" name="com.packt.tests.correctPWMyFitnessPalTest" tests="1" failures="0" timestamp="2021-03-01T11:34:06 EST" time="2.573" errors="0">
  <testcase name="secondTest" time="2.573" classname="com.packt.tests.correctPWMyFitnessPalTest"/>
  <system-out/>
</testsuite> <!-- com.packt.tests.correctPWMyFitnessPalTest -->
